<?xml version="1.0" encoding="UTF-8"?>
<!-- Generated by org.testng.reporters.JUnitReportReporter -->
<testsuite hostname="VDI-HDQ-0027" name="executableClass.Weekly_Ad" tests="1" failures="1" timestamp="8 Mar 2019 07:19:04 GMT" time="202.805" errors="0">
  <testcase name="TC01_Add_items_to_list_ADD_TO_LIST_button_item_added" time="202.805" classname="executableClass.Weekly_Ad">
    <failure type="java.lang.AssertionError" message="Error in weekly ad circular page">
      <![CDATA[java.lang.AssertionError: Error in weekly ad circular page
	at org.testng.Assert.fail(Assert.java:94)
	at computedClass.Computed_WeeklyAd.AddProduct(Computed_WeeklyAd.java:225)
	at executableClass.Weekly_Ad.TC01_Add_items_to_list_ADD_TO_LIST_button_item_added(Weekly_Ad.java:40)
	at sun.reflect.NativeMethodAccessorImpl.invoke0(Native Method)
	at sun.reflect.NativeMethodAccessorImpl.invoke(Unknown Source)
	at sun.reflect.DelegatingMethodAccessorImpl.invoke(Unknown Source)
	at java.lang.reflect.Method.invoke(Unknown Source)
	at org.testng.internal.MethodInvocationHelper.invokeMethod(MethodInvocationHelper.java:100)
	at org.testng.internal.Invoker.invokeMethod(Invoker.java:646)
	at org.testng.internal.Invoker.invokeTestMethod(Invoker.java:811)
	at org.testng.internal.Invoker.invokeTestMethods(Invoker.java:1129)
	at org.testng.internal.TestMethodWorker.invokeTestMethods(TestMethodWorker.java:129)
	at org.testng.internal.TestMethodWorker.run(TestMethodWorker.java:112)
	at org.testng.TestRunner.privateRun(TestRunner.java:746)
	at org.testng.TestRunner.run(TestRunner.java:600)
	at org.testng.SuiteRunner.runTest(SuiteRunner.java:366)
	at org.testng.SuiteRunner.access$000(SuiteRunner.java:39)
	at org.testng.SuiteRunner$SuiteWorker.run(SuiteRunner.java:400)
	at org.testng.internal.thread.ThreadUtil$2.call(ThreadUtil.java:64)
	at java.util.concurrent.FutureTask.run(Unknown Source)
	at java.util.concurrent.ThreadPoolExecutor.runWorker(Unknown Source)
	at java.util.concurrent.ThreadPoolExecutor$Worker.run(Unknown Source)
	at java.lang.Thread.run(Unknown Source)
]]>
    </failure>
  </testcase> <!-- TC01_Add_items_to_list_ADD_TO_LIST_button_item_added -->
</testsuite> <!-- executableClass.Weekly_Ad -->
