<?xml version="1.0" encoding="UTF-8"?>
<!-- Generated by org.testng.reporters.JUnitReportReporter -->
<testsuite hostname="VDI-HDQ-0027" name="executableClass.Shopping_List" tests="1" failures="1" timestamp="20 Mar 2019 10:21:33 GMT" time="184.116" errors="0">
  <testcase name="TC_09_ShoppingList_Delete_Circular_Items" time="184.116" classname="executableClass.Shopping_List">
    <failure type="java.lang.AssertionError" message="Error in shopping list or shopping list not opened">
      <![CDATA[java.lang.AssertionError: Error in shopping list or shopping list not opened
	at org.testng.Assert.fail(Assert.java:94)
	at computedClass.Computed_Shopping_List.WeeklyAd_Deals_ShoppingList(Computed_Shopping_List.java:492)
	at executableClass.Shopping_List.TC_09_ShoppingList_Delete_Circular_Items(Shopping_List.java:125)
	at sun.reflect.NativeMethodAccessorImpl.invoke0(Native Method)
	at sun.reflect.NativeMethodAccessorImpl.invoke(Unknown Source)
	at sun.reflect.DelegatingMethodAccessorImpl.invoke(Unknown Source)
	at java.lang.reflect.Method.invoke(Unknown Source)
	at org.testng.internal.MethodInvocationHelper.invokeMethod(MethodInvocationHelper.java:100)
	at org.testng.internal.Invoker.invokeMethod(Invoker.java:646)
	at org.testng.internal.Invoker.invokeTestMethod(Invoker.java:811)
	at org.testng.internal.Invoker.invokeTestMethods(Invoker.java:1129)
	at org.testng.internal.TestMethodWorker.invokeTestMethods(TestMethodWorker.java:129)
	at org.testng.internal.TestMethodWorker.run(TestMethodWorker.java:112)
	at org.testng.TestRunner.privateRun(TestRunner.java:746)
	at org.testng.TestRunner.run(TestRunner.java:600)
	at org.testng.SuiteRunner.runTest(SuiteRunner.java:366)
	at org.testng.SuiteRunner.access$000(SuiteRunner.java:39)
	at org.testng.SuiteRunner$SuiteWorker.run(SuiteRunner.java:400)
	at org.testng.internal.thread.ThreadUtil$2.call(ThreadUtil.java:64)
	at java.util.concurrent.FutureTask.run(Unknown Source)
	at java.util.concurrent.ThreadPoolExecutor.runWorker(Unknown Source)
	at java.util.concurrent.ThreadPoolExecutor$Worker.run(Unknown Source)
	at java.lang.Thread.run(Unknown Source)
]]>
    </failure>
  </testcase> <!-- TC_09_ShoppingList_Delete_Circular_Items -->
</testsuite> <!-- executableClass.Shopping_List -->
