<?xml version="1.0" encoding="UTF-8"?>
<!-- Generated by org.testng.reporters.JUnitReportReporter -->
<testsuite skipped="0" hostname="LPTPF01H29N" name="executableClass.Login_Or_Signup_Global_Nav" tests="1" failures="0" timestamp="13 Dec 2018 19:57:40 GMT" time="29.477" errors="0">
  <testcase name="TC003_LogInSign_FullyEnrolled_NOT_Linked_to_SEG_rewards" time="29.477" classname="executableClass.Login_Or_Signup_Global_Nav"/>
</testsuite> <!-- executableClass.Login_Or_Signup_Global_Nav -->
