<?xml version="1.0" encoding="UTF-8"?>
<!-- Generated by org.testng.reporters.JUnitReportReporter -->
<testsuite hostname="VDI-HDQ-0027" name="executableClass.Pre_Enrolled_Customers_Flow" tests="1" failures="0" timestamp="31 Jan 2019 11:04:11 GMT" time="6.938" errors="0">
  <testcase name="TC005_EnrollinNewProgram_SignUp_As_A_New_Member" time="6.938" classname="executableClass.Pre_Enrolled_Customers_Flow"/>
</testsuite> <!-- executableClass.Pre_Enrolled_Customers_Flow -->
