<?xml version="1.0" encoding="UTF-8"?>
<!-- Generated by org.testng.reporters.JUnitReportReporter -->
<testsuite hostname="VDI-HDQ-0027" name="executableClass.HardLogin_Loggedin_Account" tests="1" failures="0" timestamp="12 Mar 2019 11:50:40 GMT" time="48.696" errors="0">
  <testcase name="TC006_HardLogin_CCC_number_and_Forgot_password_link" time="48.696" classname="executableClass.HardLogin_Loggedin_Account"/>
</testsuite> <!-- executableClass.HardLogin_Loggedin_Account -->
