<?xml version="1.0" encoding="UTF-8"?>
<!-- Generated by org.testng.reporters.JUnitReportReporter -->
<testsuite hostname="VDI-HDQ-0027" name="executableClass.LoggedIn_for_Rewards_Section" tests="1" failures="0" timestamp="25 Jan 2019 07:01:20 GMT" time="67.529" errors="0">
  <testcase name="TC007_Verify_the_Recent_Transactions_page_HardLogin" time="67.529" classname="executableClass.LoggedIn_for_Rewards_Section"/>
</testsuite> <!-- executableClass.LoggedIn_for_Rewards_Section -->
