<?xml version="1.0" encoding="UTF-8"?>
<!-- Generated by org.testng.reporters.JUnitReportReporter -->
<testsuite hostname="VDI-HDQ-0027" name="executableClass.Digital_Coupons" tests="3" failures="0" timestamp="20 Mar 2019 07:26:35 GMT" time="357.635" errors="0">
  <testcase name="TC_08_Shopping_List_Add_Coupons" time="168.077" classname="executableClass.Digital_Coupons"/>
  <testcase name="TC_01_Add_Coupons_Guest_user" time="73.888" classname="executableClass.Digital_Coupons"/>
  <testcase name="TC_01_Shopping_List_Add_Coupons" time="115.670" classname="executableClass.Digital_Coupons"/>
</testsuite> <!-- executableClass.Digital_Coupons -->
