<?xml version="1.0" encoding="UTF-8"?>
<!-- Generated by org.testng.reporters.JUnitReportReporter -->
<testsuite hostname="VDI-HDQ-0027" name="executableClass.Account_Lookup" tests="1" failures="0" timestamp="18 Mar 2019 13:24:37 GMT" time="75.213" errors="0">
  <testcase name="TC004_Validate_the_error_message_for_invalid_phone_number" time="75.213" classname="executableClass.Account_Lookup"/>
</testsuite> <!-- executableClass.Account_Lookup -->
