<?xml version="1.0" encoding="UTF-8"?>
<!-- Generated by org.testng.reporters.JUnitReportReporter -->
<testsuite hostname="VDI-HDQ-0027" name="executableClass.Logout" tests="1" failures="0" timestamp="12 Mar 2019 09:45:46 GMT" time="62.106" errors="0">
  <testcase name="TC001_Logout" time="62.106" classname="executableClass.Logout"/>
</testsuite> <!-- executableClass.Logout -->
