<?xml version="1.0" encoding="UTF-8"?>
<!-- Generated by org.testng.reporters.JUnitReportReporter -->
<testsuite hostname="VDI-HDQ-0027" name="executableClass.User_Status_After_SoftLogin" tests="1" failures="0" timestamp="11 Dec 2018 09:35:52 GMT" time="75.237" errors="0">
  <testcase name="TC001_Soft_login_fully_enrolled_user" time="75.237" classname="executableClass.User_Status_After_SoftLogin"/>
</testsuite> <!-- executableClass.User_Status_After_SoftLogin -->
